<?xml version="1.0" ?>
<coverage version="7.6.0" timestamp="1722525455401" lines-valid="48" lines-covered="14" line-rate="0.2917" branches-covered="0" branches-valid="0" branch-rate="0" complexity="0">
	<!-- Generated by coverage.py: https://coverage.readthedocs.io/en/7.6.0 -->
	<!-- Based on https://raw.githubusercontent.com/cobertura/web/master/htdocs/xml/coverage-04.dtd -->
	<sources>
		<source>/Users/jamesstrudwick/Documents/projectStuff/myResearch/Quaternion/quaternion</source>
	</sources>
	<packages>
		<package name="." line-rate="0.2917" branch-rate="0" complexity="0">
			<classes>
				<class name="__init__.py" filename="__init__.py" complexity="0" line-rate="1" branch-rate="0">
					<methods/>
					<lines/>
				</class>
				<class name="quaternion.py" filename="quaternion.py" complexity="0" line-rate="0.2917" branch-rate="0">
					<methods/>
					<lines>
						<line number="6" hits="1"/>
						<line number="7" hits="1"/>
						<line number="10" hits="1"/>
						<line number="11" hits="1"/>
						<line number="38" hits="0"/>
						<line number="39" hits="0"/>
						<line number="40" hits="0"/>
						<line number="42" hits="0"/>
						<line number="43" hits="0"/>
						<line number="44" hits="0"/>
						<line number="45" hits="0"/>
						<line number="46" hits="0"/>
						<line number="48" hits="1"/>
						<line number="61" hits="0"/>
						<line number="62" hits="0"/>
						<line number="67" hits="1"/>
						<line number="81" hits="0"/>
						<line number="84" hits="0"/>
						<line number="90" hits="0"/>
						<line number="92" hits="1"/>
						<line number="101" hits="0"/>
						<line number="108" hits="1"/>
						<line number="118" hits="0"/>
						<line number="120" hits="1"/>
						<line number="134" hits="0"/>
						<line number="136" hits="0"/>
						<line number="140" hits="1"/>
						<line number="155" hits="0"/>
						<line number="157" hits="0"/>
						<line number="161" hits="1"/>
						<line number="176" hits="0"/>
						<line number="177" hits="0"/>
						<line number="181" hits="0"/>
						<line number="184" hits="0"/>
						<line number="191" hits="0"/>
						<line number="198" hits="0"/>
						<line number="205" hits="0"/>
						<line number="212" hits="0"/>
						<line number="219" hits="1"/>
						<line number="239" hits="0"/>
						<line number="240" hits="0"/>
						<line number="245" hits="0"/>
						<line number="247" hits="1"/>
						<line number="257" hits="0"/>
						<line number="259" hits="1"/>
						<line number="269" hits="0"/>
						<line number="270" hits="0"/>
						<line number="274" hits="0"/>
					</lines>
				</class>
			</classes>
		</package>
	</packages>
</coverage>
